<?xml version="1.0" encoding="UTF-8"?>
<!-- Generated by org.testng.reporters.JUnitXMLReporter -->
<testsuite ignored="0" hostname="INBGL1WLX36969" failures="1" tests="1" name="Test" time="77.194" errors="0" timestamp="2022-10-20T23:09:01 IST">
  <testcase classname="com.assignment.tests.AssignmentTest" name="testMethod" time="74.078">
    <failure type="java.lang.AssertionError" message="The following asserts failed:
	The cart total of the added items is not $65.53 expected [true] but found [false]">
      <![CDATA[java.lang.AssertionError: The following asserts failed:
The cart total of the added items is not $65.53 expected [true] but found [false]
at com.assignment.tests.AssignmentTest.testMethod(AssignmentTest.java:184)
at java.base/java.util.ArrayList.forEach(ArrayList.java:1511)
... Removed 29 stack frames]]>
    </failure>
  </testcase> <!-- testMethod -->
</testsuite> <!-- Test -->
